<?xml version="1.0" encoding="UTF-8"?>
<testsuite xmlns:xsi="http://www.w3.org/2001/XMLSchema-instance" xsi:noNamespaceSchemaLocation="https://maven.apache.org/surefire/maven-surefire-plugin/xsd/surefire-test-report.xsd" name="org.sonatype.mavenbook.custom.AppTest" time="0.108" tests="1" errors="0" skipped="0" failures="0">
  <properties>
    <property name="gopherProxySet" value="false"/>
    <property name="awt.toolkit" value="sun.lwawt.macosx.LWCToolkit"/>
    <property name="file.encoding.pkg" value="sun.io"/>
    <property name="java.specification.version" value="1.8"/>
    <property name="sun.cpu.isalist" value=""/>
    <property name="sun.jnu.encoding" value="UTF-8"/>
    <property name="java.class.path" value="/Users/me/MavenFun/ch4/maven_ch4/simple-weather/target/test-classes:/Users/me/MavenFun/ch4/maven_ch4/simple-weather/target/classes:/Users/me/.m2/repository/log4j/log4j/1.2.14/log4j-1.2.14.jar:/Users/me/.m2/repository/dom4j/dom4j/1.6.1/dom4j-1.6.1.jar:/Users/me/.m2/repository/xml-apis/xml-apis/1.0.b2/xml-apis-1.0.b2.jar:/Users/me/.m2/repository/jaxen/jaxen/1.1.1/jaxen-1.1.1.jar:/Users/me/.m2/repository/jdom/jdom/1.0/jdom-1.0.jar:/Users/me/.m2/repository/xerces/xercesImpl/2.6.2/xercesImpl-2.6.2.jar:/Users/me/.m2/repository/xom/xom/1.0/xom-1.0.jar:/Users/me/.m2/repository/xerces/xmlParserAPIs/2.6.2/xmlParserAPIs-2.6.2.jar:/Users/me/.m2/repository/xalan/xalan/2.6.0/xalan-2.6.0.jar:/Users/me/.m2/repository/com/ibm/icu/icu4j/2.6.1/icu4j-2.6.1.jar:/Users/me/.m2/repository/velocity/velocity/1.5/velocity-1.5.jar:/Users/me/.m2/repository/commons-collections/commons-collections/3.1/commons-collections-3.1.jar:/Users/me/.m2/repository/commons-lang/commons-lang/2.1/commons-lang-2.1.jar:/Users/me/.m2/repository/oro/oro/2.0.8/oro-2.0.8.jar:/Users/me/.m2/repository/junit/junit/4.11/junit-4.11.jar:/Users/me/.m2/repository/org/hamcrest/hamcrest-core/1.3/hamcrest-core-1.3.jar:"/>
    <property name="java.vm.vendor" value="Oracle Corporation"/>
    <property name="sun.arch.data.model" value="64"/>
    <property name="java.vendor.url" value="http://java.oracle.com/"/>
    <property name="user.timezone" value=""/>
    <property name="java.vm.specification.version" value="1.8"/>
    <property name="os.name" value="Mac OS X"/>
    <property name="user.country" value="US"/>
    <property name="sun.java.launcher" value="SUN_STANDARD"/>
    <property name="sun.boot.library.path" value="/Library/Java/JavaVirtualMachines/jdk1.8.0_171.jdk/Contents/Home/jre/lib"/>
    <property name="sun.java.command" value="/Users/me/MavenFun/ch4/maven_ch4/simple-weather/target/surefire/surefirebooter8912945314773048639.jar /Users/me/MavenFun/ch4/maven_ch4/simple-weather/target/surefire 2018-12-14T09-07-06_095-jvmRun1 surefire6908093250519487488tmp surefire_07325170489749637599tmp"/>
    <property name="surefire.test.class.path" value="/Users/me/MavenFun/ch4/maven_ch4/simple-weather/target/test-classes:/Users/me/MavenFun/ch4/maven_ch4/simple-weather/target/classes:/Users/me/.m2/repository/log4j/log4j/1.2.14/log4j-1.2.14.jar:/Users/me/.m2/repository/dom4j/dom4j/1.6.1/dom4j-1.6.1.jar:/Users/me/.m2/repository/xml-apis/xml-apis/1.0.b2/xml-apis-1.0.b2.jar:/Users/me/.m2/repository/jaxen/jaxen/1.1.1/jaxen-1.1.1.jar:/Users/me/.m2/repository/jdom/jdom/1.0/jdom-1.0.jar:/Users/me/.m2/repository/xerces/xercesImpl/2.6.2/xercesImpl-2.6.2.jar:/Users/me/.m2/repository/xom/xom/1.0/xom-1.0.jar:/Users/me/.m2/repository/xerces/xmlParserAPIs/2.6.2/xmlParserAPIs-2.6.2.jar:/Users/me/.m2/repository/xalan/xalan/2.6.0/xalan-2.6.0.jar:/Users/me/.m2/repository/com/ibm/icu/icu4j/2.6.1/icu4j-2.6.1.jar:/Users/me/.m2/repository/velocity/velocity/1.5/velocity-1.5.jar:/Users/me/.m2/repository/commons-collections/commons-collections/3.1/commons-collections-3.1.jar:/Users/me/.m2/repository/commons-lang/commons-lang/2.1/commons-lang-2.1.jar:/Users/me/.m2/repository/oro/oro/2.0.8/oro-2.0.8.jar:/Users/me/.m2/repository/junit/junit/4.11/junit-4.11.jar:/Users/me/.m2/repository/org/hamcrest/hamcrest-core/1.3/hamcrest-core-1.3.jar:"/>
    <property name="sun.cpu.endian" value="little"/>
    <property name="user.home" value="/Users/me"/>
    <property name="user.language" value="en"/>
    <property name="java.specification.vendor" value="Oracle Corporation"/>
    <property name="java.home" value="/Library/Java/JavaVirtualMachines/jdk1.8.0_171.jdk/Contents/Home/jre"/>
    <property name="basedir" value="/Users/me/MavenFun/ch4/maven_ch4/simple-weather"/>
    <property name="file.separator" value="/"/>
    <property name="line.separator" value="&#10;"/>
    <property name="java.vm.specification.vendor" value="Oracle Corporation"/>
    <property name="java.specification.name" value="Java Platform API Specification"/>
    <property name="java.awt.graphicsenv" value="sun.awt.CGraphicsEnvironment"/>
    <property name="surefire.real.class.path" value="/Users/me/MavenFun/ch4/maven_ch4/simple-weather/target/surefire/surefirebooter8912945314773048639.jar"/>
    <property name="sun.boot.class.path" value="/Library/Java/JavaVirtualMachines/jdk1.8.0_171.jdk/Contents/Home/jre/lib/resources.jar:/Library/Java/JavaVirtualMachines/jdk1.8.0_171.jdk/Contents/Home/jre/lib/rt.jar:/Library/Java/JavaVirtualMachines/jdk1.8.0_171.jdk/Contents/Home/jre/lib/sunrsasign.jar:/Library/Java/JavaVirtualMachines/jdk1.8.0_171.jdk/Contents/Home/jre/lib/jsse.jar:/Library/Java/JavaVirtualMachines/jdk1.8.0_171.jdk/Contents/Home/jre/lib/jce.jar:/Library/Java/JavaVirtualMachines/jdk1.8.0_171.jdk/Contents/Home/jre/lib/charsets.jar:/Library/Java/JavaVirtualMachines/jdk1.8.0_171.jdk/Contents/Home/jre/lib/jfr.jar:/Library/Java/JavaVirtualMachines/jdk1.8.0_171.jdk/Contents/Home/jre/classes"/>
    <property name="sun.management.compiler" value="HotSpot 64-Bit Tiered Compilers"/>
    <property name="java.runtime.version" value="1.8.0_171-b11"/>
    <property name="user.name" value="me"/>
    <property name="path.separator" value=":"/>
    <property name="os.version" value="10.13.6"/>
    <property name="java.endorsed.dirs" value="/Library/Java/JavaVirtualMachines/jdk1.8.0_171.jdk/Contents/Home/jre/lib/endorsed"/>
    <property name="java.runtime.name" value="Java(TM) SE Runtime Environment"/>
    <property name="file.encoding" value="UTF-8"/>
    <property name="java.vm.name" value="Java HotSpot(TM) 64-Bit Server VM"/>
    <property name="localRepository" value="/Users/me/.m2/repository"/>
    <property name="java.vendor.url.bug" value="http://bugreport.sun.com/bugreport/"/>
    <property name="java.io.tmpdir" value="/var/folders/m7/dlzys6kn5lqfnm960hs7fs340000gp/T/"/>
    <property name="java.version" value="1.8.0_171"/>
    <property name="user.dir" value="/Users/me/MavenFun/ch4/maven_ch4/simple-weather"/>
    <property name="os.arch" value="x86_64"/>
    <property name="java.vm.specification.name" value="Java Virtual Machine Specification"/>
    <property name="java.awt.printerjob" value="sun.lwawt.macosx.CPrinterJob"/>
    <property name="sun.os.patch.level" value="unknown"/>
    <property name="java.library.path" value="/Users/me/Library/Java/Extensions:/Library/Java/Extensions:/Network/Library/Java/Extensions:/System/Library/Java/Extensions:/usr/lib/java:."/>
    <property name="java.vm.info" value="mixed mode"/>
    <property name="java.vendor" value="Oracle Corporation"/>
    <property name="java.vm.version" value="25.171-b11"/>
    <property name="java.ext.dirs" value="/Users/me/Library/Java/Extensions:/Library/Java/JavaVirtualMachines/jdk1.8.0_171.jdk/Contents/Home/jre/lib/ext:/Library/Java/Extensions:/Network/Library/Java/Extensions:/System/Library/Java/Extensions:/usr/lib/java"/>
    <property name="sun.io.unicode.encoding" value="UnicodeBig"/>
    <property name="java.class.version" value="52.0"/>
  </properties>
  <testcase name="shouldAnswerWithTrue" classname="org.sonatype.mavenbook.custom.AppTest" time="0.02"/>
</testsuite>